[debug] [2022-01-02T02:22:28.048Z] ----------------------------------------------------------------------
[debug] [2022-01-02T02:22:28.050Z] Command:       /usr/local/bin/node /opt/homebrew/bin/firebase deploy
[debug] [2022-01-02T02:22:28.050Z] CLI Version:   9.22.0
[debug] [2022-01-02T02:22:28.050Z] Platform:      darwin
[debug] [2022-01-02T02:22:28.051Z] Node Version:  v14.17.0
[debug] [2022-01-02T02:22:28.052Z] Time:          Sat Jan 01 2022 22:22:28 GMT-0400 (Atlantic Standard Time)
[debug] [2022-01-02T02:22:28.052Z] ----------------------------------------------------------------------
[debug] 
[debug] [2022-01-02T02:22:28.129Z] > command requires scopes: ["email","openid","https://www.googleapis.com/auth/cloudplatformprojects.readonly","https://www.googleapis.com/auth/firebase","https://www.googleapis.com/auth/cloud-platform"]
[debug] [2022-01-02T02:22:28.129Z] > authorizing via signed-in user (abnrr.pena@gmail.com)
[debug] [2022-01-02T02:22:28.130Z] [iam] checking project puertoricoeracingclub for permissions ["firebase.projects.get","firebasehosting.sites.update"]
[debug] [2022-01-02T02:22:28.133Z] > refreshing access token with scopes: ["email","https://www.googleapis.com/auth/cloud-platform","https://www.googleapis.com/auth/cloudplatformprojects.readonly","https://www.googleapis.com/auth/firebase","openid"]
[debug] [2022-01-02T02:22:28.133Z] >>> HTTP REQUEST POST https://www.googleapis.com/oauth2/v3/token  
 <request body omitted>
[debug] [2022-01-02T02:22:28.395Z] <<< HTTP RESPONSE 200 {"pragma":"no-cache","date":"Sun, 02 Jan 2022 02:22:28 GMT","expires":"Mon, 01 Jan 1990 00:00:00 GMT","cache-control":"no-cache, no-store, max-age=0, must-revalidate","content-type":"application/json; charset=utf-8","vary":"X-Origin, Referer, Origin,Accept-Encoding","server":"scaffolding on HTTPServer2","x-xss-protection":"0","x-frame-options":"SAMEORIGIN","x-content-type-options":"nosniff","alt-svc":"h3=\":443\"; ma=2592000,h3-29=\":443\"; ma=2592000,h3-Q050=\":443\"; ma=2592000,h3-Q046=\":443\"; ma=2592000,h3-Q043=\":443\"; ma=2592000,quic=\":443\"; ma=2592000; v=\"46,43\"","accept-ranges":"none","transfer-encoding":"chunked"}
[debug] [2022-01-02T02:22:28.439Z] >>> HTTP REQUEST POST https://cloudresourcemanager.googleapis.com/v1/projects/puertoricoeracingclub:testIamPermissions  
 {"permissions":["firebase.projects.get","firebasehosting.sites.update"]}
[debug] [2022-01-02T02:22:28.814Z] <<< HTTP RESPONSE 200 {"content-type":"application/json; charset=UTF-8","vary":"X-Origin, Referer, Origin,Accept-Encoding","date":"Sun, 02 Jan 2022 02:22:28 GMT","server":"ESF","cache-control":"private","x-xss-protection":"0","x-frame-options":"SAMEORIGIN","x-content-type-options":"nosniff","server-timing":"gfet4t7; dur=97","alt-svc":"h3=\":443\"; ma=2592000,h3-29=\":443\"; ma=2592000,h3-Q050=\":443\"; ma=2592000,h3-Q046=\":443\"; ma=2592000,h3-Q043=\":443\"; ma=2592000,quic=\":443\"; ma=2592000; v=\"46,43\"","accept-ranges":"none","transfer-encoding":"chunked"}
[debug] [2022-01-02T02:22:28.816Z] > refreshing access token with scopes: []
[debug] [2022-01-02T02:22:28.816Z] >>> HTTP REQUEST POST https://www.googleapis.com/oauth2/v3/token  
 <request body omitted>
[debug] [2022-01-02T02:22:29.010Z] <<< HTTP RESPONSE 200 {"cache-control":"no-cache, no-store, max-age=0, must-revalidate","expires":"Mon, 01 Jan 1990 00:00:00 GMT","date":"Sun, 02 Jan 2022 02:22:29 GMT","pragma":"no-cache","content-type":"application/json; charset=utf-8","vary":"X-Origin, Referer, Origin,Accept-Encoding","server":"scaffolding on HTTPServer2","x-xss-protection":"0","x-frame-options":"SAMEORIGIN","x-content-type-options":"nosniff","alt-svc":"h3=\":443\"; ma=2592000,h3-29=\":443\"; ma=2592000,h3-Q050=\":443\"; ma=2592000,h3-Q046=\":443\"; ma=2592000,h3-Q043=\":443\"; ma=2592000,quic=\":443\"; ma=2592000; v=\"46,43\"","accept-ranges":"none","transfer-encoding":"chunked"}
[debug] [2022-01-02T02:22:29.055Z] >>> [apiv2][query] GET https://firebase.googleapis.com/v1beta1/projects/puertoricoeracingclub [none]
[debug] [2022-01-02T02:22:29.579Z] <<< [apiv2][status] GET https://firebase.googleapis.com/v1beta1/projects/puertoricoeracingclub 200
[debug] [2022-01-02T02:22:29.579Z] <<< [apiv2][body] GET https://firebase.googleapis.com/v1beta1/projects/puertoricoeracingclub {"projectId":"puertoricoeracingclub","projectNumber":"392867960815","displayName":"puertoricoeracingclub","name":"projects/puertoricoeracingclub","resources":{"hostingSite":"puertoricoeracingclub"},"state":"ACTIVE"}
[info] 
[info] === Deploying to 'puertoricoeracingclub'...
[info] 
[info] i  deploying hosting 
[debug] [2022-01-02T02:22:29.583Z] > refreshing access token with scopes: ["email","https://www.googleapis.com/auth/cloud-platform","https://www.googleapis.com/auth/cloudplatformprojects.readonly","https://www.googleapis.com/auth/firebase","openid"]
[debug] [2022-01-02T02:22:29.583Z] >>> HTTP REQUEST POST https://www.googleapis.com/oauth2/v3/token  
 <request body omitted>
[debug] [2022-01-02T02:22:29.782Z] <<< HTTP RESPONSE 200 {"cache-control":"no-cache, no-store, max-age=0, must-revalidate","pragma":"no-cache","date":"Sun, 02 Jan 2022 02:22:29 GMT","expires":"Mon, 01 Jan 1990 00:00:00 GMT","content-type":"application/json; charset=utf-8","vary":"X-Origin, Referer, Origin,Accept-Encoding","server":"scaffolding on HTTPServer2","x-xss-protection":"0","x-frame-options":"SAMEORIGIN","x-content-type-options":"nosniff","alt-svc":"h3=\":443\"; ma=2592000,h3-29=\":443\"; ma=2592000,h3-Q050=\":443\"; ma=2592000,h3-Q046=\":443\"; ma=2592000,h3-Q043=\":443\"; ma=2592000,quic=\":443\"; ma=2592000; v=\"46,43\"","accept-ranges":"none","transfer-encoding":"chunked"}
[debug] [2022-01-02T02:22:29.820Z] >>> HTTP REQUEST POST https://firebasehosting.googleapis.com/v1beta1/sites/puertoricoeracingclub/versions  
 {"config":{"rewrites":[{"glob":"**","path":"/index.html"}]},"labels":{"deployment-tool":"cli-firebase"}}
[debug] [2022-01-02T02:22:30.919Z] <<< HTTP RESPONSE 200 {"content-type":"application/json; charset=UTF-8","vary":"X-Origin, Referer, Origin,Accept-Encoding","date":"Sun, 02 Jan 2022 02:22:30 GMT","server":"ESF","cache-control":"private","x-xss-protection":"0","x-frame-options":"SAMEORIGIN","x-content-type-options":"nosniff","alt-svc":"h3=\":443\"; ma=2592000,h3-29=\":443\"; ma=2592000,h3-Q050=\":443\"; ma=2592000,h3-Q046=\":443\"; ma=2592000,h3-Q043=\":443\"; ma=2592000,quic=\":443\"; ma=2592000; v=\"46,43\"","accept-ranges":"none","transfer-encoding":"chunked"}
[info] i  hosting[puertoricoeracingclub]: beginning deploy... 
[info] i  hosting[puertoricoeracingclub]: found 39 files in dist/PREC 
[debug] [2022-01-02T02:22:31.164Z] > refreshing access token with scopes: []
[debug] [2022-01-02T02:22:31.164Z] >>> HTTP REQUEST POST https://www.googleapis.com/oauth2/v3/token  
 <request body omitted>
[debug] [2022-01-02T02:22:31.166Z] [hosting] hash cache [ZGlzdC9QUkVD] stored for 39 files
[debug] [2022-01-02T02:22:31.167Z] [hosting][hash queue][FINAL] {"max":218,"min":29,"avg":149.43589743589746,"active":0,"complete":39,"success":39,"errored":0,"retried":0,"total":39,"elapsed":224}
[debug] [2022-01-02T02:22:31.366Z] <<< HTTP RESPONSE 200 {"date":"Sun, 02 Jan 2022 02:22:31 GMT","expires":"Mon, 01 Jan 1990 00:00:00 GMT","pragma":"no-cache","cache-control":"no-cache, no-store, max-age=0, must-revalidate","content-type":"application/json; charset=utf-8","vary":"X-Origin, Referer, Origin,Accept-Encoding","server":"scaffolding on HTTPServer2","x-xss-protection":"0","x-frame-options":"SAMEORIGIN","x-content-type-options":"nosniff","alt-svc":"h3=\":443\"; ma=2592000,h3-29=\":443\"; ma=2592000,h3-Q050=\":443\"; ma=2592000,h3-Q046=\":443\"; ma=2592000,h3-Q043=\":443\"; ma=2592000,quic=\":443\"; ma=2592000; v=\"46,43\"","accept-ranges":"none","transfer-encoding":"chunked"}
[debug] [2022-01-02T02:22:31.405Z] >>> [apiv2][query] POST https://firebasehosting.googleapis.com/v1beta1/sites/puertoricoeracingclub/versions/2bed337c716e3630:populateFiles [none]
[debug] [2022-01-02T02:22:31.406Z] >>> [apiv2][body] POST https://firebasehosting.googleapis.com/v1beta1/sites/puertoricoeracingclub/versions/2bed337c716e3630:populateFiles {"files":{"/3rdpartylicenses.txt":"3e02dac1a525e17311dc463a61755eafd7f4e6e7581bc80f59674b10fbc85785","/discord.ef8d9c88e020507818c2.png":"742797609f26a47561516c02d3826ddff74322586e71e49017774612b7e05b3f","/facebook.4f037d961598aff2a0a4.png":"7933c34432038c0fab8491f4d2eb7631de8f21543ff709d0fae4490a8bd42fa2","/favicon.ico":"c9f9283435e9c1f1af4740f7d52f9ebb8c7071ce231a6e89b6a86bc07a939606","/index.html":"7f97c6d8fcf90ac9aceb81fa6169f6d0a5f599472ef71d0baa4ee040f1582ce8","/runtime.599e7e198830b2dabe93.js":"726178b1e0b045c796d1686c0fa3d5861305da8e6a3b9b5a65f4456795ace423","/instagram.75e0546a6b5abe4c0506.png":"a13fb223c4ea3ff61470de9073442ef2437d067bc43934d828a797d73ae49f80","/polyfills.07aaecd0b9a8510596c7.js":"7f7fdbf90bc257361b538bb681ead0ff92c8c7b80a149c3a4470d00d8f1f6aa7","/assets/fonts/Montserrat/OFL.txt":"88b40dd43e7cf6a771b70716b64f2f338d93f9ff845a8ffe82c1904cc5e65516","/styles.e5802644c1bdfdc16604.css":"e77767497b05cfb0f903563c02acb3e5ba1c67c40d8845b8a8d4d3d9460cd389","/assets/imgs/defaultDriverIMG.png":"86c0d875c1d9512d5606c9ad10600a06708f1cda65eee55065c5ecdcf5aa147b","/Montserrat-ExtraLight.62a749ca2820713ebbf8.ttf":"d2e2df36c7d88cce6c297376d5447cff1b7457f33626ce680b109ac5dda2ca70","/Montserrat-ExtraBold.1944c8d1a118759a4435.ttf":"7c14c218d9849bf6ec546e594ce6a06e66766d089ae05afe907f4895d8420856","/Montserrat-SemiBold.fa8441f345d83a0bc4ec.ttf":"3e6bf5e0b01686c55c1445ec5eec1191170b7beafa21593255419edc135fd962","/Montserrat-Bold.079ca05d3ded9bc107ab.ttf":"5bce3cac2968ca97d19dbbff3cf435246c5c35b77ddaa01023c40ae341d28dc1","/Montserrat-Regular.3cd786652b8a2e9d41f2.ttf":"14a4c5b19a4f02af70cf2c47032d91aecde2d3fcb93b25e99ecfabf66eb5bdf7","/Montserrat-Light.02afb26fe72fcc052988.ttf":"535de4a3ac06d117dcc224d063410b208aec4a767584916b48d9a1ae68563517","/Montserrat-Medium.e2d60bc49517598c0ce8.ttf":"81f12c57734105d99e57d6321f2e85e2820b38bab7e2ac601abc435f1608b315","/Montserrat-Black.46e8b3d6aad654578958.ttf":"f77330c6e20ef74606620cc0bde5fda5ef0ce729710de7c6ba68987dbfaed85a","/assets/fonts/Montserrat/Montserrat-ExtraBold.ttf":"7c14c218d9849bf6ec546e594ce6a06e66766d089ae05afe907f4895d8420856","/assets/fonts/Montserrat/Montserrat-Bold.ttf":"5bce3cac2968ca97d19dbbff3cf435246c5c35b77ddaa01023c40ae341d28dc1","/assets/fonts/Montserrat/Montserrat-ExtraLight.ttf":"d2e2df36c7d88cce6c297376d5447cff1b7457f33626ce680b109ac5dda2ca70","/assets/fonts/Montserrat/Montserrat-ExtraLightItalic.ttf":"f2f1d218e642d25374bc5bdcf7c65d47e9d6651f358bbe5c72d8cdbf143552c0","/assets/fonts/Montserrat/Montserrat-Medium.ttf":"81f12c57734105d99e57d6321f2e85e2820b38bab7e2ac601abc435f1608b315","/assets/fonts/Montserrat/Montserrat-Light.ttf":"535de4a3ac06d117dcc224d063410b208aec4a767584916b48d9a1ae68563517","/assets/fonts/Montserrat/Montserrat-SemiBold.ttf":"3e6bf5e0b01686c55c1445ec5eec1191170b7beafa21593255419edc135fd962","/assets/fonts/Montserrat/Montserrat-Black.ttf":"f77330c6e20ef74606620cc0bde5fda5ef0ce729710de7c6ba68987dbfaed85a","/assets/fonts/Montserrat/Montserrat-BoldItalic.ttf":"3ca947f1b7244fb2c53b9fcaf66eba793015428e4dc65958beff3a22464e02eb","/assets/fonts/Montserrat/Montserrat-ExtraBoldItalic.ttf":"e04adfcad06bc0408ff8ef2e899c247efed8a1f9d2056f6e765b6bb6beca8d83","/assets/fonts/Montserrat/Montserrat-Italic.ttf":"1b40c7e83803db067992681503ae646162e5f9dbcc63583de3114e35403e007b","/assets/fonts/Montserrat/Montserrat-MediumItalic.ttf":"25d2959c5dc735e03a4d5ada3accc003ad79c421f5e8c785afc36cf99b19f8e1","/assets/fonts/Montserrat/Montserrat-Regular.ttf":"14a4c5b19a4f02af70cf2c47032d91aecde2d3fcb93b25e99ecfabf66eb5bdf7","/assets/fonts/Montserrat/Montserrat-Thin.ttf":"258e226f819f43a7544bf99ad144d47ba6b53f82179f8c631350c6a67c00618d","/assets/fonts/Montserrat/Montserrat-LightItalic.ttf":"ab5ab91119f91771e96d8cc99e369e3c78470739ca14175f77fcbe1fc179e1eb","/assets/fonts/Montserrat/Montserrat-SemiBoldItalic.ttf":"ed2fb7412055241e1a331056824f7458d4d99aaa2114af3c382e564719ec68e6","/assets/fonts/Montserrat/Montserrat-BlackItalic.ttf":"861d8ace3cf46169b8fa40ea5dbb267c8456e57457ca13f3f03b8c9a4228277a","/assets/fonts/Montserrat/Montserrat-ThinItalic.ttf":"9e930072ffeefab7d1424505ddc060cafe3becb642ee1c501fa9e4946033d621","/assets/imgs/bg.png":"e8688c8a161c73c21e6eec90426eb38b3a6536a2d4820e2b1623a5f537015e09","/main.0e1307be0a1c2a48404c.js":"68378d3e4452c11a85281361de866e60ef95a164142959a5c42af9a9af645493"}}
[debug] [2022-01-02T02:22:32.000Z] <<< [apiv2][status] POST https://firebasehosting.googleapis.com/v1beta1/sites/puertoricoeracingclub/versions/2bed337c716e3630:populateFiles 200
[debug] [2022-01-02T02:22:32.001Z] <<< [apiv2][body] POST https://firebasehosting.googleapis.com/v1beta1/sites/puertoricoeracingclub/versions/2bed337c716e3630:populateFiles {"uploadRequiredHashes":["68378d3e4452c11a85281361de866e60ef95a164142959a5c42af9a9af645493","7f97c6d8fcf90ac9aceb81fa6169f6d0a5f599472ef71d0baa4ee040f1582ce8"],"uploadUrl":"https://upload-firebasehosting.googleapis.com/upload/sites/puertoricoeracingclub/versions/2bed337c716e3630/files"}
[debug] [2022-01-02T02:22:32.003Z] >>> [apiv2][query] POST https://upload-firebasehosting.googleapis.com/upload/sites/puertoricoeracingclub/versions/2bed337c716e3630/files/68378d3e4452c11a85281361de866e60ef95a164142959a5c42af9a9af645493 [none]
[debug] [2022-01-02T02:22:32.003Z] >>> [apiv2][body] POST https://upload-firebasehosting.googleapis.com/upload/sites/puertoricoeracingclub/versions/2bed337c716e3630/files/68378d3e4452c11a85281361de866e60ef95a164142959a5c42af9a9af645493 [stream]
[debug] [2022-01-02T02:22:32.004Z] >>> [apiv2][query] POST https://upload-firebasehosting.googleapis.com/upload/sites/puertoricoeracingclub/versions/2bed337c716e3630/files/7f97c6d8fcf90ac9aceb81fa6169f6d0a5f599472ef71d0baa4ee040f1582ce8 [none]
[debug] [2022-01-02T02:22:32.004Z] >>> [apiv2][body] POST https://upload-firebasehosting.googleapis.com/upload/sites/puertoricoeracingclub/versions/2bed337c716e3630/files/7f97c6d8fcf90ac9aceb81fa6169f6d0a5f599472ef71d0baa4ee040f1582ce8 [stream]
[debug] [2022-01-02T02:22:32.004Z] [hosting][populate queue][FINAL] {"max":840,"min":840,"avg":840,"active":0,"complete":1,"success":1,"errored":0,"retried":0,"total":1,"elapsed":841}
[debug] [2022-01-02T02:22:32.005Z] [hosting] uploads queued: 2
[debug] [2022-01-02T02:22:33.530Z] <<< [apiv2][status] POST https://upload-firebasehosting.googleapis.com/upload/sites/puertoricoeracingclub/versions/2bed337c716e3630/files/7f97c6d8fcf90ac9aceb81fa6169f6d0a5f599472ef71d0baa4ee040f1582ce8 200
[debug] [2022-01-02T02:22:33.530Z] <<< [apiv2][body] POST https://upload-firebasehosting.googleapis.com/upload/sites/puertoricoeracingclub/versions/2bed337c716e3630/files/7f97c6d8fcf90ac9aceb81fa6169f6d0a5f599472ef71d0baa4ee040f1582ce8 [stream]
[debug] [2022-01-02T02:22:33.976Z] <<< [apiv2][status] POST https://upload-firebasehosting.googleapis.com/upload/sites/puertoricoeracingclub/versions/2bed337c716e3630/files/68378d3e4452c11a85281361de866e60ef95a164142959a5c42af9a9af645493 200
[debug] [2022-01-02T02:22:33.976Z] <<< [apiv2][body] POST https://upload-firebasehosting.googleapis.com/upload/sites/puertoricoeracingclub/versions/2bed337c716e3630/files/68378d3e4452c11a85281361de866e60ef95a164142959a5c42af9a9af645493 [stream]
[debug] [2022-01-02T02:22:33.976Z] [hosting][upload queue][FINAL] {"max":1975,"min":1528,"avg":1751.5,"active":0,"complete":2,"success":2,"errored":0,"retried":0,"total":2,"elapsed":1975}
[info] ✔  hosting[puertoricoeracingclub]: file upload complete 
[debug] [2022-01-02T02:22:33.977Z] [hosting] deploy completed after 3055ms
[debug] [2022-01-02T02:22:33.979Z] [
  {
    "config": {
      "public": "dist/PREC",
      "ignore": [
        "firebase.json",
        "**/.*",
        "**/node_modules/**"
      ],
      "rewrites": [
        {
          "source": "**",
          "destination": "/index.html"
        }
      ],
      "site": "puertoricoeracingclub"
    },
    "site": "puertoricoeracingclub",
    "version": "sites/puertoricoeracingclub/versions/2bed337c716e3630"
  }
]
[info] i  hosting[puertoricoeracingclub]: finalizing version... 
[debug] [2022-01-02T02:22:33.980Z] > refreshing access token with scopes: ["email","https://www.googleapis.com/auth/cloud-platform","https://www.googleapis.com/auth/cloudplatformprojects.readonly","https://www.googleapis.com/auth/firebase","openid"]
[debug] [2022-01-02T02:22:33.980Z] >>> HTTP REQUEST POST https://www.googleapis.com/oauth2/v3/token  
 <request body omitted>
[debug] [2022-01-02T02:22:34.202Z] <<< HTTP RESPONSE 200 {"date":"Sun, 02 Jan 2022 02:22:34 GMT","expires":"Mon, 01 Jan 1990 00:00:00 GMT","pragma":"no-cache","cache-control":"no-cache, no-store, max-age=0, must-revalidate","content-type":"application/json; charset=utf-8","vary":"X-Origin, Referer, Origin,Accept-Encoding","server":"scaffolding on HTTPServer2","x-xss-protection":"0","x-frame-options":"SAMEORIGIN","x-content-type-options":"nosniff","alt-svc":"h3=\":443\"; ma=2592000,h3-29=\":443\"; ma=2592000,h3-Q050=\":443\"; ma=2592000,h3-Q046=\":443\"; ma=2592000,h3-Q043=\":443\"; ma=2592000,quic=\":443\"; ma=2592000; v=\"46,43\"","accept-ranges":"none","transfer-encoding":"chunked"}
[debug] [2022-01-02T02:22:34.249Z] >>> HTTP REQUEST PATCH https://firebasehosting.googleapis.com/v1beta1/sites/puertoricoeracingclub/versions/2bed337c716e3630?updateMask=status  
 {"status":"FINALIZED"}
